<?xml version="1.0" encoding="UTF-8"?>
<testsuite xmlns:xsi="http://www.w3.org/2001/XMLSchema-instance" xsi:noNamespaceSchemaLocation="https://maven.apache.org/surefire/maven-surefire-plugin/xsd/surefire-test-report-3.0.xsd" version="3.0" name="com.ccs.Formatters.StringFormatsTest" time="0.0" tests="1" errors="0" skipped="0" failures="0">
  <properties>
[...]
</properties>
  <testcase name="test" classname="com.ccs.Formatters.StringFormatsTest" time="0.0">
    <system-out><![CDATA[
class method StringFormats.truncate() test: truncate
----------------------------------------------------
truncate by 1: t
truncate by 4: trun
truncate by 8: truncate

class method StringFormats.format() test: null
----------------------------------------------
%1   :  
%1   :  
%1   :  
%10  :           
%-10 :           
%010 : 0000000000

class method StringFormats.format() test: A
----------------------------------------------
%1   : A
%1   : A
%1   : A
%10  :          A
%-10 : A         
%010 : 000000000A

class method StringFormats.format() test: A1B2
----------------------------------------------
%1   : A
%1   : A
%1   : A
%10  :       A1B2
%-10 : A1B2      
%010 : 000000A1B2

]]></system-out>
  </testcase>
</testsuite>